0 info it worked if it ends with ok
1 verbose cli [ 'D:\\Program Files\\nodejs\\node.exe',
1 verbose cli   'D:\\Program Files\\nodejs\\node_modules\\npm\\bin\\npm-cli.js',
1 verbose cli   'install',
1 verbose cli   'iconv',
1 verbose cli   '--save' ]
2 info using npm@3.10.10
3 info using node@v6.11.2
4 silly loadCurrentTree Starting
5 silly install loadCurrentTree
6 silly install readLocalPackageData
7 silly fetchPackageMetaData iconv
8 silly fetchNamedPackageData iconv
9 silly mapToRegistry name iconv
10 silly mapToRegistry using default registry
11 silly mapToRegistry registry https://registry.npmjs.org/
12 silly mapToRegistry data Result {
12 silly mapToRegistry   raw: 'iconv',
12 silly mapToRegistry   scope: null,
12 silly mapToRegistry   escapedName: 'iconv',
12 silly mapToRegistry   name: 'iconv',
12 silly mapToRegistry   rawSpec: '',
12 silly mapToRegistry   spec: 'latest',
12 silly mapToRegistry   type: 'tag' }
13 silly mapToRegistry uri https://registry.npmjs.org/iconv
14 verbose request uri https://registry.npmjs.org/iconv
15 verbose request no auth needed
16 info attempt registry request try #1 at 00:23:25
17 verbose request id 5c0598d475b9127a
18 verbose etag W/"59503922-a11a"
19 verbose lastModified Sun, 25 Jun 2017 22:28:50 GMT
20 http request GET https://registry.npmjs.org/iconv
21 http 304 https://registry.npmjs.org/iconv
22 verbose headers { date: 'Wed, 18 Oct 2017 15:23:26 GMT',
22 verbose headers   via: '1.1 varnish',
22 verbose headers   'cache-control': 'max-age=300',
22 verbose headers   etag: 'W/"59503922-a11a"',
22 verbose headers   age: '0',
22 verbose headers   connection: 'keep-alive',
22 verbose headers   'x-served-by': 'cache-nrt6123-NRT',
22 verbose headers   'x-cache': 'HIT',
22 verbose headers   'x-cache-hits': '1',
22 verbose headers   'x-timer': 'S1508340206.347568,VS0,VE134',
22 verbose headers   vary: 'Accept-Encoding, Accept' }
23 silly get cb [ 304,
23 silly get   { date: 'Wed, 18 Oct 2017 15:23:26 GMT',
23 silly get     via: '1.1 varnish',
23 silly get     'cache-control': 'max-age=300',
23 silly get     etag: 'W/"59503922-a11a"',
23 silly get     age: '0',
23 silly get     connection: 'keep-alive',
23 silly get     'x-served-by': 'cache-nrt6123-NRT',
23 silly get     'x-cache': 'HIT',
23 silly get     'x-cache-hits': '1',
23 silly get     'x-timer': 'S1508340206.347568,VS0,VE134',
23 silly get     vary: 'Accept-Encoding, Accept' } ]
24 verbose etag https://registry.npmjs.org/iconv from cache
25 verbose get saving iconv to C:\Users\yoonj\AppData\Roaming\npm-cache\registry.npmjs.org\iconv\.cache.json
26 verbose correctMkdir C:\Users\yoonj\AppData\Roaming\npm-cache correctMkdir not in flight; initializing
27 silly install normalizeTree
28 silly loadCurrentTree Finishing
29 silly loadIdealTree Starting
30 silly install loadIdealTree
31 silly cloneCurrentTree Starting
32 silly install cloneCurrentTreeToIdealTree
33 silly cloneCurrentTree Finishing
34 silly loadShrinkwrap Starting
35 silly install loadShrinkwrap
36 silly loadShrinkwrap Finishing
37 silly loadAllDepsIntoIdealTree Starting
38 silly install loadAllDepsIntoIdealTree
39 silly resolveWithNewModule iconv@2.3.0 checking installable status
40 silly cache add args [ 'iconv', null ]
41 verbose cache add spec iconv
42 silly cache add parsed spec Result {
42 silly cache add   raw: 'iconv',
42 silly cache add   scope: null,
42 silly cache add   escapedName: 'iconv',
42 silly cache add   name: 'iconv',
42 silly cache add   rawSpec: '',
42 silly cache add   spec: 'latest',
42 silly cache add   type: 'tag' }
43 silly addNamed iconv@latest
44 verbose addNamed "latest" is being treated as a dist-tag for iconv
45 info addNameTag [ 'iconv', 'latest' ]
46 silly mapToRegistry name iconv
47 silly mapToRegistry using default registry
48 silly mapToRegistry registry https://registry.npmjs.org/
49 silly mapToRegistry data Result {
49 silly mapToRegistry   raw: 'iconv',
49 silly mapToRegistry   scope: null,
49 silly mapToRegistry   escapedName: 'iconv',
49 silly mapToRegistry   name: 'iconv',
49 silly mapToRegistry   rawSpec: '',
49 silly mapToRegistry   spec: 'latest',
49 silly mapToRegistry   type: 'tag' }
50 silly mapToRegistry uri https://registry.npmjs.org/iconv
51 verbose addNameTag registry:https://registry.npmjs.org/iconv not in flight; fetching
52 verbose get https://registry.npmjs.org/iconv not expired, no request
53 silly addNameTag next cb for iconv with tag latest
54 silly addNamed iconv@2.3.0
55 verbose addNamed "2.3.0" is a plain semver version for iconv
56 silly cache afterAdd iconv@2.3.0
57 verbose afterAdd C:\Users\yoonj\AppData\Roaming\npm-cache\iconv\2.3.0\package\package.json not in flight; writing
58 verbose correctMkdir C:\Users\yoonj\AppData\Roaming\npm-cache correctMkdir not in flight; initializing
59 verbose afterAdd C:\Users\yoonj\AppData\Roaming\npm-cache\iconv\2.3.0\package\package.json written
60 silly loadAllDepsIntoIdealTree Finishing
61 silly loadIdealTree Finishing
62 silly currentTree NodejsStarterApp@0.0.1
62 silly currentTree +-- accepts@1.2.13
62 silly currentTree +-- acorn-globals@1.0.9
62 silly currentTree +-- acorn@2.7.0
62 silly currentTree +-- ajv@5.2.3
62 silly currentTree +-- align-text@0.1.4
62 silly currentTree +-- amdefine@1.0.1
62 silly currentTree +-- ansi-regex@2.1.1
62 silly currentTree +-- ansi-styles@2.2.1
62 silly currentTree +-- append-field@0.1.0
62 silly currentTree +-- argparse@1.0.9
62 silly currentTree +-- array-flatten@1.1.1
62 silly currentTree +-- asap@1.0.0
62 silly currentTree +-- asn1@0.2.3
62 silly currentTree +-- assert-plus@0.2.0
62 silly currentTree +-- async@2.1.4
62 silly currentTree +-- asynckit@0.4.0
62 silly currentTree +-- attempt-x@1.1.1
62 silly currentTree +-- aws-sign2@0.6.0
62 silly currentTree +-- aws4@1.6.0
62 silly currentTree +-- base64-url@1.2.1
62 silly currentTree +-- bcrypt-pbkdf@1.0.1
62 silly currentTree +-- bignumber.js@1.1.1
62 silly currentTree +-- bl@1.1.2
62 silly currentTree | +-- readable-stream@2.0.6
62 silly currentTree | `-- string_decoder@0.10.31
62 silly currentTree +-- bluebird@3.5.1
62 silly currentTree +-- body-parser@1.14.2
62 silly currentTree +-- boom@2.10.1
62 silly currentTree +-- bson@1.0.4
62 silly currentTree +-- buffer-from@0.1.1
62 silly currentTree +-- buffer-shims@1.0.0
62 silly currentTree +-- busboy@0.2.14
62 silly currentTree | +-- isarray@0.0.1
62 silly currentTree | +-- readable-stream@1.1.14
62 silly currentTree | `-- string_decoder@0.10.31
62 silly currentTree +-- bytes@2.2.0
62 silly currentTree +-- cached-constructors-x@1.0.0
62 silly currentTree +-- camelcase@1.2.1
62 silly currentTree +-- caseless@0.11.0
62 silly currentTree +-- center-align@0.1.3
62 silly currentTree +-- cfenv@1.0.4
62 silly currentTree +-- chalk@1.1.3
62 silly currentTree +-- character-parser@1.2.1
62 silly currentTree +-- clean-css@3.4.28
62 silly currentTree | `-- commander@2.8.1
62 silly currentTree +-- cliui@2.1.0
62 silly currentTree | `-- wordwrap@0.0.2
62 silly currentTree +-- co@4.6.0
62 silly currentTree +-- combined-stream@1.0.5
62 silly currentTree +-- commander@2.11.0
62 silly currentTree +-- concat-stream@1.6.0
62 silly currentTree +-- constantinople@3.0.2
62 silly currentTree +-- content-disposition@0.5.1
62 silly currentTree +-- content-type@1.0.4
62 silly currentTree +-- cookie-signature@1.0.6
62 silly currentTree +-- cookie@0.1.5
62 silly currentTree +-- core-util-is@1.0.2
62 silly currentTree +-- crc@3.4.0
62 silly currentTree +-- cryptiles@2.0.5
62 silly currentTree +-- css-parse@1.0.4
62 silly currentTree +-- css-stringify@1.0.5
62 silly currentTree +-- css@1.0.8
62 silly currentTree +-- csv-stringify@1.0.4
62 silly currentTree +-- dashdash@1.14.1
62 silly currentTree | `-- assert-plus@1.0.0
62 silly currentTree +-- debug@2.2.0
62 silly currentTree +-- decamelize@1.2.0
62 silly currentTree +-- delayed-stream@1.0.0
62 silly currentTree +-- depd@1.1.1
62 silly currentTree +-- destroy@1.0.4
62 silly currentTree +-- dicer@0.2.5
62 silly currentTree | +-- isarray@0.0.1
62 silly currentTree | +-- readable-stream@1.1.14
62 silly currentTree | `-- string_decoder@0.10.31
62 silly currentTree +-- duplexer@0.1.1
62 silly currentTree +-- ecc-jsbn@0.1.1
62 silly currentTree +-- ee-first@1.1.1
62 silly currentTree +-- encodeuri-safe@0.0.1
62 silly currentTree +-- es6-promise@3.2.1
62 silly currentTree +-- escape-html@1.0.3
62 silly currentTree +-- escape-string-regexp@1.0.5
62 silly currentTree +-- esprima@2.7.3
62 silly currentTree +-- etag@1.7.0
62 silly currentTree +-- express-session@1.13.0
62 silly currentTree | `-- cookie@0.2.3
62 silly currentTree +-- express@4.13.4
62 silly currentTree | `-- qs@4.0.0
62 silly currentTree +-- extend@3.0.1
62 silly currentTree +-- extsprintf@1.3.0
62 silly currentTree +-- fast-deep-equal@1.0.0
62 silly currentTree +-- finalhandler@0.4.1
62 silly currentTree +-- forever-agent@0.6.1
62 silly currentTree +-- form-data@1.0.1
62 silly currentTree +-- forwarded@0.1.2
62 silly currentTree +-- fresh@0.3.0
62 silly currentTree +-- generate-function@2.0.0
62 silly currentTree +-- generate-object-property@1.2.0
62 silly currentTree +-- getpass@0.1.7
62 silly currentTree | `-- assert-plus@1.0.0
62 silly currentTree +-- graceful-fs@4.1.11
62 silly currentTree +-- graceful-readlink@1.0.1
62 silly currentTree +-- har-schema@2.0.0
62 silly currentTree +-- har-validator@2.0.6
62 silly currentTree +-- has-ansi@2.0.0
62 silly currentTree +-- has-own-property-x@3.1.1
62 silly currentTree +-- has-symbol-support-x@1.4.1
62 silly currentTree +-- has-to-string-tag-x@1.4.1
62 silly currentTree +-- hawk@3.1.3
62 silly currentTree +-- hnp@0.0.1
62 silly currentTree +-- hoek@2.16.3
62 silly currentTree +-- hooks-fixed@2.0.0
62 silly currentTree +-- http-errors@1.3.1
62 silly currentTree +-- http-signature@1.1.1
62 silly currentTree +-- httperror@0.2.3
62 silly currentTree +-- iconv-lite@0.4.13
62 silly currentTree +-- infinity-x@1.0.0
62 silly currentTree +-- inherits@2.0.3
62 silly currentTree +-- ipaddr.js@1.0.5
62 silly currentTree +-- is-array-buffer-x@1.7.0
62 silly currentTree +-- is-buffer@1.1.5
62 silly currentTree +-- is-date-object@1.0.1
62 silly currentTree +-- is-extendable@1.0.1
62 silly currentTree +-- is-falsey-x@1.0.1
62 silly currentTree +-- is-finite-x@3.0.2
62 silly currentTree +-- is-function-x@3.2.0
62 silly currentTree +-- is-index-x@1.0.0
62 silly currentTree +-- is-my-json-valid@2.16.1
62 silly currentTree +-- is-nan-x@1.0.1
62 silly currentTree +-- is-nil-x@1.4.1
62 silly currentTree +-- is-object-like-x@1.5.1
62 silly currentTree +-- is-plain-object@2.0.4
62 silly currentTree +-- is-primitive@2.0.0
62 silly currentTree +-- is-promise@2.1.0
62 silly currentTree +-- is-property@1.0.2
62 silly currentTree +-- is-string@1.0.4
62 silly currentTree +-- is-symbol@1.0.1
62 silly currentTree +-- is-typedarray@1.0.0
62 silly currentTree +-- isarray@1.0.0
62 silly currentTree +-- isobject@3.0.1
62 silly currentTree +-- isstream@0.1.2
62 silly currentTree +-- jade@1.11.0
62 silly currentTree | `-- commander@2.6.0
62 silly currentTree +-- js-yaml@3.7.0
62 silly currentTree +-- jsbn@0.1.1
62 silly currentTree +-- json-bigint@0.1.4
62 silly currentTree +-- json-schema-traverse@0.3.1
62 silly currentTree +-- json-schema@0.2.3
62 silly currentTree +-- json-stable-stringify@1.0.1
62 silly currentTree +-- json-stringify-safe@5.0.1
62 silly currentTree +-- jsonfile@4.0.0
62 silly currentTree +-- jsonify@0.0.0
62 silly currentTree +-- jsonparse@1.3.1
62 silly currentTree +-- jsonpointer@4.0.1
62 silly currentTree +-- JSONStream@1.0.7
62 silly currentTree +-- jsprim@1.4.1
62 silly currentTree | `-- assert-plus@1.0.0
62 silly currentTree +-- jstransformer@0.0.2
62 silly currentTree +-- kareem@1.5.0
62 silly currentTree +-- kind-of@3.2.2
62 silly currentTree +-- lazy-cache@1.0.4
62 silly currentTree +-- lodash.get@4.4.2
62 silly currentTree +-- lodash.isnull@3.0.0
62 silly currentTree +-- lodash@4.17.4
62 silly currentTree +-- longest@1.0.1
62 silly currentTree +-- math-clamp-x@1.1.0
62 silly currentTree +-- math-sign-x@2.1.0
62 silly currentTree +-- max-safe-integer@1.0.1
62 silly currentTree +-- media-typer@0.3.0
62 silly currentTree +-- merge-descriptors@1.0.1
62 silly currentTree +-- methods@1.1.2
62 silly currentTree +-- mime-db@1.30.0
62 silly currentTree +-- mime-types@2.1.17
62 silly currentTree +-- mime@1.3.4
62 silly currentTree +-- minimist@0.0.8
62 silly currentTree +-- mkdirp@0.5.1
62 silly currentTree +-- mongodb-core@2.1.15
62 silly currentTree +-- mongodb@2.2.31
62 silly currentTree +-- mongoose@4.12.0
62 silly currentTree | `-- ms@2.0.0
62 silly currentTree +-- mpath@0.3.0
62 silly currentTree +-- mpromise@0.5.5
62 silly currentTree +-- mquery@2.3.2
62 silly currentTree | +-- debug@2.6.9
62 silly currentTree | +-- ms@2.0.0
62 silly currentTree | `-- sliced@0.0.5
62 silly currentTree +-- ms@0.7.1
62 silly currentTree +-- multer@1.3.0
62 silly currentTree +-- muri@1.2.2
62 silly currentTree +-- nan-x@1.0.0
62 silly currentTree +-- nan@2.7.0
62 silly currentTree +-- negotiator@0.5.3
62 silly currentTree +-- node-uuid@1.4.8
62 silly currentTree +-- normalize-space-x@2.0.0
62 silly currentTree +-- oauth-sign@0.8.2
62 silly currentTree +-- object-assign@3.0.0
62 silly currentTree +-- object-get-own-property-descriptor-x@3.2.0
62 silly currentTree +-- object.omit@3.0.0
62 silly currentTree +-- object.pick@1.3.0
62 silly currentTree +-- on-finished@2.3.0
62 silly currentTree +-- on-headers@1.0.1
62 silly currentTree +-- optimist@0.3.7
62 silly currentTree +-- parse-int-x@1.1.0
62 silly currentTree +-- parseurl@1.3.2
62 silly currentTree +-- path-to-regexp@0.1.7
62 silly currentTree +-- performance-now@2.1.0
62 silly currentTree +-- pinkie-promise@2.0.1
62 silly currentTree +-- pinkie@2.0.4
62 silly currentTree +-- ports@1.1.0
62 silly currentTree +-- process-nextick-args@1.0.7
62 silly currentTree +-- promise@6.1.0
62 silly currentTree +-- property-is-enumerable-x@1.1.0
62 silly currentTree +-- proxy-addr@1.0.10
62 silly currentTree +-- punycode@1.4.1
62 silly currentTree +-- qs@5.2.0
62 silly currentTree +-- range-parser@1.0.3
62 silly currentTree +-- raw-body@2.1.7
62 silly currentTree | `-- bytes@2.4.0
62 silly currentTree +-- readable-stream@2.2.7
62 silly currentTree +-- regexp-clone@0.0.1
62 silly currentTree +-- repeat-string@1.6.1
62 silly currentTree +-- replace-comments-x@2.0.0
62 silly currentTree +-- request@2.74.0
62 silly currentTree | `-- qs@6.2.3
62 silly currentTree +-- require_optional@1.0.1
62 silly currentTree +-- require-coercible-to-string-x@1.0.0
62 silly currentTree +-- require-object-coercible-x@1.4.1
62 silly currentTree +-- resolve-from@2.0.0
62 silly currentTree +-- right-align@0.1.3
62 silly currentTree +-- safe-buffer@5.1.1
62 silly currentTree +-- safe-to-string-x@2.0.3
62 silly currentTree +-- semver@5.4.1
62 silly currentTree +-- send@0.13.1
62 silly currentTree | `-- statuses@1.2.1
62 silly currentTree +-- serve-static@1.10.3
62 silly currentTree | +-- send@0.13.2
62 silly currentTree | `-- statuses@1.2.1
62 silly currentTree +-- sliced@1.0.1
62 silly currentTree +-- sntp@1.0.9
62 silly currentTree +-- solr-client@0.7.0
62 silly currentTree | +-- ajv@4.11.8
62 silly currentTree | +-- caseless@0.12.0
62 silly currentTree | +-- form-data@2.1.4
62 silly currentTree | +-- har-schema@1.0.5
62 silly currentTree | +-- har-validator@4.2.1
62 silly currentTree | +-- performance-now@0.2.0
62 silly currentTree | +-- qs@6.4.0
62 silly currentTree | +-- request@2.81.0
62 silly currentTree | +-- tunnel-agent@0.6.0
62 silly currentTree | `-- uuid@3.1.0
62 silly currentTree +-- source-map@0.4.4
62 silly currentTree +-- sprintf-js@1.0.3
62 silly currentTree +-- sshpk@1.13.1
62 silly currentTree | `-- assert-plus@1.0.0
62 silly currentTree +-- statuses@1.3.1
62 silly currentTree +-- streamsearch@0.1.2
62 silly currentTree +-- string_decoder@1.0.3
62 silly currentTree +-- stringstream@0.0.5
62 silly currentTree +-- strip-ansi@3.0.1
62 silly currentTree +-- supports-color@2.0.0
62 silly currentTree +-- through@2.3.8
62 silly currentTree +-- to-boolean-x@1.0.1
62 silly currentTree +-- to-integer-x@2.1.0
62 silly currentTree +-- to-number-x@1.2.0
62 silly currentTree +-- to-object-x@1.5.0
62 silly currentTree +-- to-primitive-x@1.1.0
62 silly currentTree +-- to-property-key-x@2.0.2
62 silly currentTree +-- to-string-symbols-supported-x@1.0.0
62 silly currentTree +-- to-string-tag-x@1.4.2
62 silly currentTree +-- to-string-x@1.4.2
62 silly currentTree +-- tough-cookie@2.3.3
62 silly currentTree +-- transformers@2.1.0
62 silly currentTree | +-- is-promise@1.0.1
62 silly currentTree | +-- promise@2.0.0
62 silly currentTree | +-- source-map@0.1.43
62 silly currentTree | `-- uglify-js@2.2.5
62 silly currentTree +-- trim-left-x@2.0.1
62 silly currentTree +-- trim-right-x@2.0.1
62 silly currentTree +-- trim-x@2.0.2
62 silly currentTree +-- tunnel-agent@0.4.3
62 silly currentTree +-- tweetnacl@0.14.5
62 silly currentTree +-- type-is@1.6.15
62 silly currentTree +-- typedarray-to-buffer@3.1.2
62 silly currentTree +-- typedarray@0.0.6
62 silly currentTree +-- uglify-js@2.8.29
62 silly currentTree | `-- source-map@0.5.7
62 silly currentTree +-- uglify-to-browserify@1.0.2
62 silly currentTree +-- uid-safe@2.0.0
62 silly currentTree +-- underscore@1.8.3
62 silly currentTree +-- unpipe@1.0.0
62 silly currentTree +-- util-deprecate@1.0.2
62 silly currentTree +-- utils-merge@1.0.0
62 silly currentTree +-- validate.io-undefined@1.0.3
62 silly currentTree +-- vary@1.0.1
62 silly currentTree +-- vcap_services@0.3.4
62 silly currentTree +-- verror@1.10.0
62 silly currentTree | `-- assert-plus@1.0.0
62 silly currentTree +-- void-elements@2.0.1
62 silly currentTree +-- watson-developer-cloud@2.40.0
62 silly currentTree | +-- assert-plus@1.0.0
62 silly currentTree | +-- async@2.5.0
62 silly currentTree | +-- aws-sign2@0.7.0
62 silly currentTree | +-- boom@4.3.1
62 silly currentTree | +-- caseless@0.12.0
62 silly currentTree | +-- cookie@0.3.1
62 silly currentTree | +-- cryptiles@3.1.2
62 silly currentTree | | `-- boom@5.2.0
62 silly currentTree | +-- form-data@2.3.1
62 silly currentTree | +-- har-validator@5.0.3
62 silly currentTree | +-- hawk@6.0.2
62 silly currentTree | +-- hoek@4.2.0
62 silly currentTree | +-- http-signature@1.2.0
62 silly currentTree | +-- qs@6.5.1
62 silly currentTree | +-- request@2.83.0
62 silly currentTree | +-- sntp@2.0.2
62 silly currentTree | +-- tunnel-agent@0.6.0
62 silly currentTree | `-- uuid@3.1.0
62 silly currentTree +-- websocket@1.0.24
62 silly currentTree +-- white-space-x@2.0.3
62 silly currentTree +-- window-size@0.1.0
62 silly currentTree +-- with@4.0.3
62 silly currentTree | `-- acorn@1.2.2
62 silly currentTree +-- wordwrap@0.0.3
62 silly currentTree +-- xtend@4.0.1
62 silly currentTree +-- yaeti@0.0.6
62 silly currentTree `-- yargs@3.10.0
63 silly idealTree NodejsStarterApp@0.0.1
63 silly idealTree +-- accepts@1.2.13
63 silly idealTree +-- acorn-globals@1.0.9
63 silly idealTree +-- acorn@2.7.0
63 silly idealTree +-- ajv@5.2.3
63 silly idealTree +-- align-text@0.1.4
63 silly idealTree +-- amdefine@1.0.1
63 silly idealTree +-- ansi-regex@2.1.1
63 silly idealTree +-- ansi-styles@2.2.1
63 silly idealTree +-- append-field@0.1.0
63 silly idealTree +-- argparse@1.0.9
63 silly idealTree +-- array-flatten@1.1.1
63 silly idealTree +-- asap@1.0.0
63 silly idealTree +-- asn1@0.2.3
63 silly idealTree +-- assert-plus@0.2.0
63 silly idealTree +-- async@2.1.4
63 silly idealTree +-- asynckit@0.4.0
63 silly idealTree +-- attempt-x@1.1.1
63 silly idealTree +-- aws-sign2@0.6.0
63 silly idealTree +-- aws4@1.6.0
63 silly idealTree +-- base64-url@1.2.1
63 silly idealTree +-- bcrypt-pbkdf@1.0.1
63 silly idealTree +-- bignumber.js@1.1.1
63 silly idealTree +-- bl@1.1.2
63 silly idealTree | +-- readable-stream@2.0.6
63 silly idealTree | `-- string_decoder@0.10.31
63 silly idealTree +-- bluebird@3.5.1
63 silly idealTree +-- body-parser@1.14.2
63 silly idealTree +-- boom@2.10.1
63 silly idealTree +-- bson@1.0.4
63 silly idealTree +-- buffer-from@0.1.1
63 silly idealTree +-- buffer-shims@1.0.0
63 silly idealTree +-- busboy@0.2.14
63 silly idealTree | +-- isarray@0.0.1
63 silly idealTree | +-- readable-stream@1.1.14
63 silly idealTree | `-- string_decoder@0.10.31
63 silly idealTree +-- bytes@2.2.0
63 silly idealTree +-- cached-constructors-x@1.0.0
63 silly idealTree +-- camelcase@1.2.1
63 silly idealTree +-- caseless@0.11.0
63 silly idealTree +-- center-align@0.1.3
63 silly idealTree +-- cfenv@1.0.4
63 silly idealTree +-- chalk@1.1.3
63 silly idealTree +-- character-parser@1.2.1
63 silly idealTree +-- clean-css@3.4.28
63 silly idealTree | `-- commander@2.8.1
63 silly idealTree +-- cliui@2.1.0
63 silly idealTree | `-- wordwrap@0.0.2
63 silly idealTree +-- co@4.6.0
63 silly idealTree +-- combined-stream@1.0.5
63 silly idealTree +-- commander@2.11.0
63 silly idealTree +-- concat-stream@1.6.0
63 silly idealTree +-- constantinople@3.0.2
63 silly idealTree +-- content-disposition@0.5.1
63 silly idealTree +-- content-type@1.0.4
63 silly idealTree +-- cookie-signature@1.0.6
63 silly idealTree +-- cookie@0.1.5
63 silly idealTree +-- core-util-is@1.0.2
63 silly idealTree +-- crc@3.4.0
63 silly idealTree +-- cryptiles@2.0.5
63 silly idealTree +-- css-parse@1.0.4
63 silly idealTree +-- css-stringify@1.0.5
63 silly idealTree +-- css@1.0.8
63 silly idealTree +-- csv-stringify@1.0.4
63 silly idealTree +-- dashdash@1.14.1
63 silly idealTree | `-- assert-plus@1.0.0
63 silly idealTree +-- debug@2.2.0
63 silly idealTree +-- decamelize@1.2.0
63 silly idealTree +-- delayed-stream@1.0.0
63 silly idealTree +-- depd@1.1.1
63 silly idealTree +-- destroy@1.0.4
63 silly idealTree +-- dicer@0.2.5
63 silly idealTree | +-- isarray@0.0.1
63 silly idealTree | +-- readable-stream@1.1.14
63 silly idealTree | `-- string_decoder@0.10.31
63 silly idealTree +-- duplexer@0.1.1
63 silly idealTree +-- ecc-jsbn@0.1.1
63 silly idealTree +-- ee-first@1.1.1
63 silly idealTree +-- encodeuri-safe@0.0.1
63 silly idealTree +-- es6-promise@3.2.1
63 silly idealTree +-- escape-html@1.0.3
63 silly idealTree +-- escape-string-regexp@1.0.5
63 silly idealTree +-- esprima@2.7.3
63 silly idealTree +-- etag@1.7.0
63 silly idealTree +-- express-session@1.13.0
63 silly idealTree | `-- cookie@0.2.3
63 silly idealTree +-- express@4.13.4
63 silly idealTree | `-- qs@4.0.0
63 silly idealTree +-- extend@3.0.1
63 silly idealTree +-- extsprintf@1.3.0
63 silly idealTree +-- fast-deep-equal@1.0.0
63 silly idealTree +-- finalhandler@0.4.1
63 silly idealTree +-- forever-agent@0.6.1
63 silly idealTree +-- form-data@1.0.1
63 silly idealTree +-- forwarded@0.1.2
63 silly idealTree +-- fresh@0.3.0
63 silly idealTree +-- generate-function@2.0.0
63 silly idealTree +-- generate-object-property@1.2.0
63 silly idealTree +-- getpass@0.1.7
63 silly idealTree | `-- assert-plus@1.0.0
63 silly idealTree +-- graceful-fs@4.1.11
63 silly idealTree +-- graceful-readlink@1.0.1
63 silly idealTree +-- har-schema@2.0.0
63 silly idealTree +-- har-validator@2.0.6
63 silly idealTree +-- has-ansi@2.0.0
63 silly idealTree +-- has-own-property-x@3.1.1
63 silly idealTree +-- has-symbol-support-x@1.4.1
63 silly idealTree +-- has-to-string-tag-x@1.4.1
63 silly idealTree +-- hawk@3.1.3
63 silly idealTree +-- hnp@0.0.1
63 silly idealTree +-- hoek@2.16.3
63 silly idealTree +-- hooks-fixed@2.0.0
63 silly idealTree +-- http-errors@1.3.1
63 silly idealTree +-- http-signature@1.1.1
63 silly idealTree +-- httperror@0.2.3
63 silly idealTree +-- iconv-lite@0.4.13
63 silly idealTree +-- iconv@2.3.0
63 silly idealTree +-- infinity-x@1.0.0
63 silly idealTree +-- inherits@2.0.3
63 silly idealTree +-- ipaddr.js@1.0.5
63 silly idealTree +-- is-array-buffer-x@1.7.0
63 silly idealTree +-- is-buffer@1.1.5
63 silly idealTree +-- is-date-object@1.0.1
63 silly idealTree +-- is-extendable@1.0.1
63 silly idealTree +-- is-falsey-x@1.0.1
63 silly idealTree +-- is-finite-x@3.0.2
63 silly idealTree +-- is-function-x@3.2.0
63 silly idealTree +-- is-index-x@1.0.0
63 silly idealTree +-- is-my-json-valid@2.16.1
63 silly idealTree +-- is-nan-x@1.0.1
63 silly idealTree +-- is-nil-x@1.4.1
63 silly idealTree +-- is-object-like-x@1.5.1
63 silly idealTree +-- is-plain-object@2.0.4
63 silly idealTree +-- is-primitive@2.0.0
63 silly idealTree +-- is-promise@2.1.0
63 silly idealTree +-- is-property@1.0.2
63 silly idealTree +-- is-string@1.0.4
63 silly idealTree +-- is-symbol@1.0.1
63 silly idealTree +-- is-typedarray@1.0.0
63 silly idealTree +-- isarray@1.0.0
63 silly idealTree +-- isobject@3.0.1
63 silly idealTree +-- isstream@0.1.2
63 silly idealTree +-- jade@1.11.0
63 silly idealTree | `-- commander@2.6.0
63 silly idealTree +-- js-yaml@3.7.0
63 silly idealTree +-- jsbn@0.1.1
63 silly idealTree +-- json-bigint@0.1.4
63 silly idealTree +-- json-schema-traverse@0.3.1
63 silly idealTree +-- json-schema@0.2.3
63 silly idealTree +-- json-stable-stringify@1.0.1
63 silly idealTree +-- json-stringify-safe@5.0.1
63 silly idealTree +-- jsonfile@4.0.0
63 silly idealTree +-- jsonify@0.0.0
63 silly idealTree +-- jsonparse@1.3.1
63 silly idealTree +-- jsonpointer@4.0.1
63 silly idealTree +-- JSONStream@1.0.7
63 silly idealTree +-- jsprim@1.4.1
63 silly idealTree | `-- assert-plus@1.0.0
63 silly idealTree +-- jstransformer@0.0.2
63 silly idealTree +-- kareem@1.5.0
63 silly idealTree +-- kind-of@3.2.2
63 silly idealTree +-- lazy-cache@1.0.4
63 silly idealTree +-- lodash.get@4.4.2
63 silly idealTree +-- lodash.isnull@3.0.0
63 silly idealTree +-- lodash@4.17.4
63 silly idealTree +-- longest@1.0.1
63 silly idealTree +-- math-clamp-x@1.1.0
63 silly idealTree +-- math-sign-x@2.1.0
63 silly idealTree +-- max-safe-integer@1.0.1
63 silly idealTree +-- media-typer@0.3.0
63 silly idealTree +-- merge-descriptors@1.0.1
63 silly idealTree +-- methods@1.1.2
63 silly idealTree +-- mime-db@1.30.0
63 silly idealTree +-- mime-types@2.1.17
63 silly idealTree +-- mime@1.3.4
63 silly idealTree +-- minimist@0.0.8
63 silly idealTree +-- mkdirp@0.5.1
63 silly idealTree +-- mongodb-core@2.1.15
63 silly idealTree +-- mongodb@2.2.31
63 silly idealTree +-- mongoose@4.12.0
63 silly idealTree | `-- ms@2.0.0
63 silly idealTree +-- mpath@0.3.0
63 silly idealTree +-- mpromise@0.5.5
63 silly idealTree +-- mquery@2.3.2
63 silly idealTree | +-- debug@2.6.9
63 silly idealTree | +-- ms@2.0.0
63 silly idealTree | `-- sliced@0.0.5
63 silly idealTree +-- ms@0.7.1
63 silly idealTree +-- multer@1.3.0
63 silly idealTree +-- muri@1.2.2
63 silly idealTree +-- nan-x@1.0.0
63 silly idealTree +-- nan@2.7.0
63 silly idealTree +-- negotiator@0.5.3
63 silly idealTree +-- node-uuid@1.4.8
63 silly idealTree +-- normalize-space-x@2.0.0
63 silly idealTree +-- oauth-sign@0.8.2
63 silly idealTree +-- object-assign@3.0.0
63 silly idealTree +-- object-get-own-property-descriptor-x@3.2.0
63 silly idealTree +-- object.omit@3.0.0
63 silly idealTree +-- object.pick@1.3.0
63 silly idealTree +-- on-finished@2.3.0
63 silly idealTree +-- on-headers@1.0.1
63 silly idealTree +-- optimist@0.3.7
63 silly idealTree +-- parse-int-x@1.1.0
63 silly idealTree +-- parseurl@1.3.2
63 silly idealTree +-- path-to-regexp@0.1.7
63 silly idealTree +-- performance-now@2.1.0
63 silly idealTree +-- pinkie-promise@2.0.1
63 silly idealTree +-- pinkie@2.0.4
63 silly idealTree +-- ports@1.1.0
63 silly idealTree +-- process-nextick-args@1.0.7
63 silly idealTree +-- promise@6.1.0
63 silly idealTree +-- property-is-enumerable-x@1.1.0
63 silly idealTree +-- proxy-addr@1.0.10
63 silly idealTree +-- punycode@1.4.1
63 silly idealTree +-- qs@5.2.0
63 silly idealTree +-- range-parser@1.0.3
63 silly idealTree +-- raw-body@2.1.7
63 silly idealTree | `-- bytes@2.4.0
63 silly idealTree +-- readable-stream@2.2.7
63 silly idealTree +-- regexp-clone@0.0.1
63 silly idealTree +-- repeat-string@1.6.1
63 silly idealTree +-- replace-comments-x@2.0.0
63 silly idealTree +-- request@2.74.0
63 silly idealTree | `-- qs@6.2.3
63 silly idealTree +-- require_optional@1.0.1
63 silly idealTree +-- require-coercible-to-string-x@1.0.0
63 silly idealTree +-- require-object-coercible-x@1.4.1
63 silly idealTree +-- resolve-from@2.0.0
63 silly idealTree +-- right-align@0.1.3
63 silly idealTree +-- safe-buffer@5.1.1
63 silly idealTree +-- safe-to-string-x@2.0.3
63 silly idealTree +-- semver@5.4.1
63 silly idealTree +-- send@0.13.1
63 silly idealTree | `-- statuses@1.2.1
63 silly idealTree +-- serve-static@1.10.3
63 silly idealTree | +-- send@0.13.2
63 silly idealTree | `-- statuses@1.2.1
63 silly idealTree +-- sliced@1.0.1
63 silly idealTree +-- sntp@1.0.9
63 silly idealTree +-- solr-client@0.7.0
63 silly idealTree | +-- ajv@4.11.8
63 silly idealTree | +-- caseless@0.12.0
63 silly idealTree | +-- form-data@2.1.4
63 silly idealTree | +-- har-schema@1.0.5
63 silly idealTree | +-- har-validator@4.2.1
63 silly idealTree | +-- performance-now@0.2.0
63 silly idealTree | +-- qs@6.4.0
63 silly idealTree | +-- request@2.81.0
63 silly idealTree | +-- tunnel-agent@0.6.0
63 silly idealTree | `-- uuid@3.1.0
63 silly idealTree +-- source-map@0.4.4
63 silly idealTree +-- sprintf-js@1.0.3
63 silly idealTree +-- sshpk@1.13.1
63 silly idealTree | `-- assert-plus@1.0.0
63 silly idealTree +-- statuses@1.3.1
63 silly idealTree +-- streamsearch@0.1.2
63 silly idealTree +-- string_decoder@1.0.3
63 silly idealTree +-- stringstream@0.0.5
63 silly idealTree +-- strip-ansi@3.0.1
63 silly idealTree +-- supports-color@2.0.0
63 silly idealTree +-- through@2.3.8
63 silly idealTree +-- to-boolean-x@1.0.1
63 silly idealTree +-- to-integer-x@2.1.0
63 silly idealTree +-- to-number-x@1.2.0
63 silly idealTree +-- to-object-x@1.5.0
63 silly idealTree +-- to-primitive-x@1.1.0
63 silly idealTree +-- to-property-key-x@2.0.2
63 silly idealTree +-- to-string-symbols-supported-x@1.0.0
63 silly idealTree +-- to-string-tag-x@1.4.2
63 silly idealTree +-- to-string-x@1.4.2
63 silly idealTree +-- tough-cookie@2.3.3
63 silly idealTree +-- transformers@2.1.0
63 silly idealTree | +-- is-promise@1.0.1
63 silly idealTree | +-- promise@2.0.0
63 silly idealTree | +-- source-map@0.1.43
63 silly idealTree | `-- uglify-js@2.2.5
63 silly idealTree +-- trim-left-x@2.0.1
63 silly idealTree +-- trim-right-x@2.0.1
63 silly idealTree +-- trim-x@2.0.2
63 silly idealTree +-- tunnel-agent@0.4.3
63 silly idealTree +-- tweetnacl@0.14.5
63 silly idealTree +-- type-is@1.6.15
63 silly idealTree +-- typedarray-to-buffer@3.1.2
63 silly idealTree +-- typedarray@0.0.6
63 silly idealTree +-- uglify-js@2.8.29
63 silly idealTree | `-- source-map@0.5.7
63 silly idealTree +-- uglify-to-browserify@1.0.2
63 silly idealTree +-- uid-safe@2.0.0
63 silly idealTree +-- underscore@1.8.3
63 silly idealTree +-- unpipe@1.0.0
63 silly idealTree +-- util-deprecate@1.0.2
63 silly idealTree +-- utils-merge@1.0.0
63 silly idealTree +-- validate.io-undefined@1.0.3
63 silly idealTree +-- vary@1.0.1
63 silly idealTree +-- vcap_services@0.3.4
63 silly idealTree +-- verror@1.10.0
63 silly idealTree | `-- assert-plus@1.0.0
63 silly idealTree +-- void-elements@2.0.1
63 silly idealTree +-- watson-developer-cloud@2.40.0
63 silly idealTree | +-- assert-plus@1.0.0
63 silly idealTree | +-- async@2.5.0
63 silly idealTree | +-- aws-sign2@0.7.0
63 silly idealTree | +-- boom@4.3.1
63 silly idealTree | +-- caseless@0.12.0
63 silly idealTree | +-- cookie@0.3.1
63 silly idealTree | +-- cryptiles@3.1.2
63 silly idealTree | | `-- boom@5.2.0
63 silly idealTree | +-- form-data@2.3.1
63 silly idealTree | +-- har-validator@5.0.3
63 silly idealTree | +-- hawk@6.0.2
63 silly idealTree | +-- hoek@4.2.0
63 silly idealTree | +-- http-signature@1.2.0
63 silly idealTree | +-- qs@6.5.1
63 silly idealTree | +-- request@2.83.0
63 silly idealTree | +-- sntp@2.0.2
63 silly idealTree | +-- tunnel-agent@0.6.0
63 silly idealTree | `-- uuid@3.1.0
63 silly idealTree +-- websocket@1.0.24
63 silly idealTree +-- white-space-x@2.0.3
63 silly idealTree +-- window-size@0.1.0
63 silly idealTree +-- with@4.0.3
63 silly idealTree | `-- acorn@1.2.2
63 silly idealTree +-- wordwrap@0.0.3
63 silly idealTree +-- xtend@4.0.1
63 silly idealTree +-- yaeti@0.0.6
63 silly idealTree `-- yargs@3.10.0
64 silly generateActionsToTake Starting
65 silly install generateActionsToTake
66 silly generateActionsToTake Finishing
67 silly diffTrees action count 1
68 silly diffTrees add iconv@2.3.0
69 silly decomposeActions action count 8
70 silly decomposeActions fetch iconv@2.3.0
71 silly decomposeActions extract iconv@2.3.0
72 silly decomposeActions test iconv@2.3.0
73 silly decomposeActions preinstall iconv@2.3.0
74 silly decomposeActions build iconv@2.3.0
75 silly decomposeActions install iconv@2.3.0
76 silly decomposeActions postinstall iconv@2.3.0
77 silly decomposeActions finalize iconv@2.3.0
78 silly runTopLevelLifecycles Starting
79 silly executeActions Starting
80 silly install executeActions
81 silly doSerial global-install 0
82 silly doParallel fetch 1
83 verbose correctMkdir C:\Users\yoonj\AppData\Roaming\npm-cache\_locks correctMkdir not in flight; initializing
84 verbose lock using C:\Users\yoonj\AppData\Roaming\npm-cache\_locks\staging-3f68b34e053dcb85.lock for C:\Users\yoonj\git\sosongbot1-1\node_modules\.staging
85 silly doParallel extract 1
86 silly extract iconv@2.3.0
87 verbose unbuild node_modules\.staging\iconv-c2bc7e66
88 silly gentlyRm C:\Users\yoonj\git\sosongbot1-1\node_modules\.staging\iconv-c2bc7e66 is being purged from base C:\Users\yoonj\git\sosongbot1-1
89 verbose gentlyRm don't care about contents; nuking C:\Users\yoonj\git\sosongbot1-1\node_modules\.staging\iconv-c2bc7e66
90 verbose tar unpack C:\Users\yoonj\AppData\Roaming\npm-cache\iconv\2.3.0\package.tgz
91 verbose tar unpacking to C:\Users\yoonj\git\sosongbot1-1\node_modules\.staging\iconv-c2bc7e66
92 silly gentlyRm C:\Users\yoonj\git\sosongbot1-1\node_modules\.staging\iconv-c2bc7e66 is being purged
93 verbose gentlyRm don't care about contents; nuking C:\Users\yoonj\git\sosongbot1-1\node_modules\.staging\iconv-c2bc7e66
94 silly gunzTarPerm modes [ '777', '666' ]
95 silly gunzTarPerm extractEntry package.json
96 silly gunzTarPerm modified mode [ 'package.json', 420, 438 ]
97 silly gunzTarPerm extractEntry .npmignore
98 silly gunzTarPerm modified mode [ '.npmignore', 420, 438 ]
99 silly gunzTarPerm extractEntry README.md
100 silly gunzTarPerm modified mode [ 'README.md', 420, 438 ]
101 silly gunzTarPerm extractEntry LICENSE
102 silly gunzTarPerm modified mode [ 'LICENSE', 420, 438 ]
103 silly gunzTarPerm extractEntry binding.gyp
104 silly gunzTarPerm modified mode [ 'binding.gyp', 420, 438 ]
105 silly gunzTarPerm extractEntry deps/libiconv/lib/euc_jp.h
106 silly gunzTarPerm modified mode [ 'deps/libiconv/lib/euc_jp.h', 420, 438 ]
107 silly gunzTarPerm extractEntry deps/libiconv/lib/aliases.h
108 silly gunzTarPerm modified mode [ 'deps/libiconv/lib/aliases.h', 420, 438 ]
109 silly gunzTarPerm extractEntry deps/libiconv/lib/aliases_aix.h
110 silly gunzTarPerm modified mode [ 'deps/libiconv/lib/aliases_aix.h', 420, 438 ]
111 silly gunzTarPerm extractEntry deps/libiconv/lib/aliases_aix_sysaix.h
112 silly gunzTarPerm modified mode [ 'deps/libiconv/lib/aliases_aix_sysaix.h', 420, 438 ]
113 silly gunzTarPerm extractEntry deps/libiconv/lib/aliases_dos.h
114 silly gunzTarPerm modified mode [ 'deps/libiconv/lib/aliases_dos.h', 420, 438 ]
115 silly gunzTarPerm extractEntry deps/libiconv/lib/aliases_extra.h
116 silly gunzTarPerm modified mode [ 'deps/libiconv/lib/aliases_extra.h', 420, 438 ]
117 silly gunzTarPerm extractEntry deps/libiconv/lib/aliases_osf1.h
118 silly gunzTarPerm modified mode [ 'deps/libiconv/lib/aliases_osf1.h', 420, 438 ]
119 silly gunzTarPerm extractEntry deps/libiconv/lib/aliases_osf1_sysosf1.h
120 silly gunzTarPerm modified mode [ 'deps/libiconv/lib/aliases_osf1_sysosf1.h', 420, 438 ]
121 silly gunzTarPerm extractEntry deps/libiconv/lib/aliases_sysaix.h
122 silly gunzTarPerm modified mode [ 'deps/libiconv/lib/aliases_sysaix.h', 420, 438 ]
123 silly gunzTarPerm extractEntry deps/libiconv/lib/aliases_syshpux.h
124 silly gunzTarPerm modified mode [ 'deps/libiconv/lib/aliases_syshpux.h', 420, 438 ]
125 silly gunzTarPerm extractEntry deps/libiconv/lib/aliases_sysosf1.h
126 silly gunzTarPerm modified mode [ 'deps/libiconv/lib/aliases_sysosf1.h', 420, 438 ]
127 silly gunzTarPerm extractEntry deps/libiconv/lib/aliases_syssolaris.h
128 silly gunzTarPerm modified mode [ 'deps/libiconv/lib/aliases_syssolaris.h', 420, 438 ]
129 silly gunzTarPerm extractEntry deps/libiconv/lib/armscii_8.h
130 silly gunzTarPerm modified mode [ 'deps/libiconv/lib/armscii_8.h', 420, 438 ]
131 silly gunzTarPerm extractEntry deps/libiconv/lib/ascii.h
132 silly gunzTarPerm modified mode [ 'deps/libiconv/lib/ascii.h', 420, 438 ]
133 silly gunzTarPerm extractEntry deps/libiconv/lib/atarist.h
134 silly gunzTarPerm modified mode [ 'deps/libiconv/lib/atarist.h', 420, 438 ]
135 silly gunzTarPerm extractEntry deps/libiconv/lib/big5.h
136 silly gunzTarPerm modified mode [ 'deps/libiconv/lib/big5.h', 420, 438 ]
137 silly gunzTarPerm extractEntry deps/libiconv/lib/big5_2003.h
138 silly gunzTarPerm modified mode [ 'deps/libiconv/lib/big5_2003.h', 420, 438 ]
139 silly gunzTarPerm extractEntry deps/libiconv/lib/big5hkscs1999.h
140 silly gunzTarPerm modified mode [ 'deps/libiconv/lib/big5hkscs1999.h', 420, 438 ]
141 silly gunzTarPerm extractEntry deps/libiconv/lib/big5hkscs2001.h
142 silly gunzTarPerm modified mode [ 'deps/libiconv/lib/big5hkscs2001.h', 420, 438 ]
143 silly gunzTarPerm extractEntry deps/libiconv/lib/big5hkscs2004.h
144 silly gunzTarPerm modified mode [ 'deps/libiconv/lib/big5hkscs2004.h', 420, 438 ]
145 silly gunzTarPerm extractEntry deps/libiconv/lib/big5hkscs2008.h
146 silly gunzTarPerm modified mode [ 'deps/libiconv/lib/big5hkscs2008.h', 420, 438 ]
147 silly gunzTarPerm extractEntry deps/libiconv/lib/c99.h
148 silly gunzTarPerm modified mode [ 'deps/libiconv/lib/c99.h', 420, 438 ]
149 silly gunzTarPerm extractEntry deps/libiconv/lib/canonical.h
150 silly gunzTarPerm modified mode [ 'deps/libiconv/lib/canonical.h', 420, 438 ]
151 silly gunzTarPerm extractEntry deps/libiconv/lib/canonical_aix.h
152 silly gunzTarPerm modified mode [ 'deps/libiconv/lib/canonical_aix.h', 420, 438 ]
153 silly gunzTarPerm extractEntry deps/libiconv/lib/canonical_aix_sysaix.h
154 silly gunzTarPerm modified mode [ 'deps/libiconv/lib/canonical_aix_sysaix.h', 420, 438 ]
155 silly gunzTarPerm extractEntry deps/libiconv/lib/canonical_dos.h
156 silly gunzTarPerm modified mode [ 'deps/libiconv/lib/canonical_dos.h', 420, 438 ]
157 silly gunzTarPerm extractEntry deps/libiconv/lib/canonical_extra.h
158 silly gunzTarPerm modified mode [ 'deps/libiconv/lib/canonical_extra.h', 420, 438 ]
159 silly gunzTarPerm extractEntry deps/libiconv/lib/canonical_local.h
160 silly gunzTarPerm modified mode [ 'deps/libiconv/lib/canonical_local.h', 420, 438 ]
161 silly gunzTarPerm extractEntry deps/libiconv/lib/canonical_local_sysaix.h
162 silly gunzTarPerm modified mode [ 'deps/libiconv/lib/canonical_local_sysaix.h', 420, 438 ]
163 silly gunzTarPerm extractEntry deps/libiconv/lib/canonical_local_syshpux.h
164 silly gunzTarPerm modified mode [ 'deps/libiconv/lib/canonical_local_syshpux.h', 420, 438 ]
165 silly gunzTarPerm extractEntry deps/libiconv/lib/canonical_local_sysosf1.h
166 silly gunzTarPerm modified mode [ 'deps/libiconv/lib/canonical_local_sysosf1.h', 420, 438 ]
167 silly gunzTarPerm extractEntry deps/libiconv/lib/canonical_local_syssolaris.h
168 silly gunzTarPerm modified mode [ 'deps/libiconv/lib/canonical_local_syssolaris.h', 420, 438 ]
169 silly gunzTarPerm extractEntry deps/libiconv/lib/canonical_osf1.h
170 silly gunzTarPerm modified mode [ 'deps/libiconv/lib/canonical_osf1.h', 420, 438 ]
171 silly gunzTarPerm extractEntry deps/libiconv/lib/canonical_osf1_sysosf1.h
172 silly gunzTarPerm modified mode [ 'deps/libiconv/lib/canonical_osf1_sysosf1.h', 420, 438 ]
173 silly gunzTarPerm extractEntry deps/libiconv/lib/canonical_sysaix.h
174 silly gunzTarPerm modified mode [ 'deps/libiconv/lib/canonical_sysaix.h', 420, 438 ]
175 silly gunzTarPerm extractEntry deps/libiconv/lib/canonical_syshpux.h
176 silly gunzTarPerm modified mode [ 'deps/libiconv/lib/canonical_syshpux.h', 420, 438 ]
177 silly gunzTarPerm extractEntry deps/libiconv/lib/canonical_sysosf1.h
178 silly gunzTarPerm modified mode [ 'deps/libiconv/lib/canonical_sysosf1.h', 420, 438 ]
179 silly gunzTarPerm extractEntry deps/libiconv/lib/canonical_syssolaris.h
180 silly gunzTarPerm modified mode [ 'deps/libiconv/lib/canonical_syssolaris.h', 420, 438 ]
181 silly gunzTarPerm extractEntry deps/libiconv/lib/ces_big5.h
182 silly gunzTarPerm modified mode [ 'deps/libiconv/lib/ces_big5.h', 420, 438 ]
183 silly gunzTarPerm extractEntry deps/libiconv/lib/ces_gbk.h
184 silly gunzTarPerm modified mode [ 'deps/libiconv/lib/ces_gbk.h', 420, 438 ]
185 silly gunzTarPerm extractEntry deps/libiconv/lib/cjk_variants.h
186 silly gunzTarPerm modified mode [ 'deps/libiconv/lib/cjk_variants.h', 420, 438 ]
187 silly gunzTarPerm extractEntry deps/libiconv/lib/cns11643.h
188 silly gunzTarPerm modified mode [ 'deps/libiconv/lib/cns11643.h', 420, 438 ]
189 silly gunzTarPerm extractEntry deps/libiconv/lib/cns11643_1.h
190 silly gunzTarPerm modified mode [ 'deps/libiconv/lib/cns11643_1.h', 420, 438 ]
191 silly gunzTarPerm extractEntry deps/libiconv/lib/cns11643_15.h
192 silly gunzTarPerm modified mode [ 'deps/libiconv/lib/cns11643_15.h', 420, 438 ]
193 silly gunzTarPerm extractEntry deps/libiconv/lib/cns11643_2.h
194 silly gunzTarPerm modified mode [ 'deps/libiconv/lib/cns11643_2.h', 420, 438 ]
195 silly gunzTarPerm extractEntry deps/libiconv/lib/cns11643_3.h
196 silly gunzTarPerm modified mode [ 'deps/libiconv/lib/cns11643_3.h', 420, 438 ]
197 silly gunzTarPerm extractEntry deps/libiconv/lib/cns11643_4.h
198 silly gunzTarPerm modified mode [ 'deps/libiconv/lib/cns11643_4.h', 420, 438 ]
199 silly gunzTarPerm extractEntry deps/libiconv/lib/cns11643_4a.h
200 silly gunzTarPerm modified mode [ 'deps/libiconv/lib/cns11643_4a.h', 420, 438 ]
201 silly gunzTarPerm extractEntry deps/libiconv/lib/cns11643_4b.h
202 silly gunzTarPerm modified mode [ 'deps/libiconv/lib/cns11643_4b.h', 420, 438 ]
203 silly gunzTarPerm extractEntry deps/libiconv/lib/cns11643_5.h
204 silly gunzTarPerm modified mode [ 'deps/libiconv/lib/cns11643_5.h', 420, 438 ]
205 silly gunzTarPerm extractEntry deps/libiconv/lib/cns11643_6.h
206 silly gunzTarPerm modified mode [ 'deps/libiconv/lib/cns11643_6.h', 420, 438 ]
207 silly gunzTarPerm extractEntry deps/libiconv/lib/cns11643_7.h
208 silly gunzTarPerm modified mode [ 'deps/libiconv/lib/cns11643_7.h', 420, 438 ]
209 silly gunzTarPerm extractEntry deps/libiconv/lib/cns11643_inv.h
210 silly gunzTarPerm modified mode [ 'deps/libiconv/lib/cns11643_inv.h', 420, 438 ]
211 silly gunzTarPerm extractEntry deps/libiconv/lib/converters.h
212 silly gunzTarPerm modified mode [ 'deps/libiconv/lib/converters.h', 420, 438 ]
213 silly gunzTarPerm extractEntry deps/libiconv/lib/cp1046.h
214 silly gunzTarPerm modified mode [ 'deps/libiconv/lib/cp1046.h', 420, 438 ]
215 silly gunzTarPerm extractEntry deps/libiconv/lib/cp1124.h
216 silly gunzTarPerm modified mode [ 'deps/libiconv/lib/cp1124.h', 420, 438 ]
217 silly gunzTarPerm extractEntry deps/libiconv/lib/cp1125.h
218 silly gunzTarPerm modified mode [ 'deps/libiconv/lib/cp1125.h', 420, 438 ]
219 silly gunzTarPerm extractEntry deps/libiconv/lib/cp1129.h
220 silly gunzTarPerm modified mode [ 'deps/libiconv/lib/cp1129.h', 420, 438 ]
221 silly gunzTarPerm extractEntry deps/libiconv/lib/cp1131.h
222 silly gunzTarPerm modified mode [ 'deps/libiconv/lib/cp1131.h', 420, 438 ]
223 silly gunzTarPerm extractEntry deps/libiconv/lib/cp1133.h
224 silly gunzTarPerm modified mode [ 'deps/libiconv/lib/cp1133.h', 420, 438 ]
225 silly gunzTarPerm extractEntry deps/libiconv/lib/cp1161.h
226 silly gunzTarPerm modified mode [ 'deps/libiconv/lib/cp1161.h', 420, 438 ]
227 silly gunzTarPerm extractEntry deps/libiconv/lib/cp1162.h
228 silly gunzTarPerm modified mode [ 'deps/libiconv/lib/cp1162.h', 420, 438 ]
229 silly gunzTarPerm extractEntry deps/libiconv/lib/cp1163.h
230 silly gunzTarPerm modified mode [ 'deps/libiconv/lib/cp1163.h', 420, 438 ]
231 silly gunzTarPerm extractEntry deps/libiconv/lib/cp1250.h
232 silly gunzTarPerm modified mode [ 'deps/libiconv/lib/cp1250.h', 420, 438 ]
233 silly gunzTarPerm extractEntry deps/libiconv/lib/cp1251.h
234 silly gunzTarPerm modified mode [ 'deps/libiconv/lib/cp1251.h', 420, 438 ]
235 silly gunzTarPerm extractEntry deps/libiconv/lib/cp1252.h
236 silly gunzTarPerm modified mode [ 'deps/libiconv/lib/cp1252.h', 420, 438 ]
237 silly gunzTarPerm extractEntry deps/libiconv/lib/cp1253.h
238 silly gunzTarPerm modified mode [ 'deps/libiconv/lib/cp1253.h', 420, 438 ]
239 silly gunzTarPerm extractEntry deps/libiconv/lib/cp1254.h
240 silly gunzTarPerm modified mode [ 'deps/libiconv/lib/cp1254.h', 420, 438 ]
241 silly gunzTarPerm extractEntry deps/libiconv/lib/cp1255.h
242 silly gunzTarPerm modified mode [ 'deps/libiconv/lib/cp1255.h', 420, 438 ]
243 silly gunzTarPerm extractEntry deps/libiconv/lib/cp1256.h
244 silly gunzTarPerm modified mode [ 'deps/libiconv/lib/cp1256.h', 420, 438 ]
245 silly gunzTarPerm extractEntry deps/libiconv/lib/cp1257.h
246 silly gunzTarPerm modified mode [ 'deps/libiconv/lib/cp1257.h', 420, 438 ]
247 silly gunzTarPerm extractEntry deps/libiconv/lib/cp1258.h
248 silly gunzTarPerm modified mode [ 'deps/libiconv/lib/cp1258.h', 420, 438 ]
249 silly gunzTarPerm extractEntry deps/libiconv/lib/cp437.h
250 silly gunzTarPerm modified mode [ 'deps/libiconv/lib/cp437.h', 420, 438 ]
251 silly gunzTarPerm extractEntry deps/libiconv/lib/cp50221_0208_ext.h
252 silly gunzTarPerm modified mode [ 'deps/libiconv/lib/cp50221_0208_ext.h', 420, 438 ]
253 silly gunzTarPerm extractEntry deps/libiconv/lib/cp50221_0212_ext.h
254 silly gunzTarPerm modified mode [ 'deps/libiconv/lib/cp50221_0212_ext.h', 420, 438 ]
255 silly gunzTarPerm extractEntry deps/libiconv/lib/cp737.h
256 silly gunzTarPerm modified mode [ 'deps/libiconv/lib/cp737.h', 420, 438 ]
257 silly gunzTarPerm extractEntry deps/libiconv/lib/cp775.h
258 silly gunzTarPerm modified mode [ 'deps/libiconv/lib/cp775.h', 420, 438 ]
259 silly gunzTarPerm extractEntry deps/libiconv/lib/cp850.h
260 silly gunzTarPerm modified mode [ 'deps/libiconv/lib/cp850.h', 420, 438 ]
261 silly gunzTarPerm extractEntry deps/libiconv/lib/cp852.h
262 silly gunzTarPerm modified mode [ 'deps/libiconv/lib/cp852.h', 420, 438 ]
263 silly gunzTarPerm extractEntry deps/libiconv/lib/cp853.h
264 silly gunzTarPerm modified mode [ 'deps/libiconv/lib/cp853.h', 420, 438 ]
265 silly gunzTarPerm extractEntry deps/libiconv/lib/cp855.h
266 silly gunzTarPerm modified mode [ 'deps/libiconv/lib/cp855.h', 420, 438 ]
267 silly gunzTarPerm extractEntry deps/libiconv/lib/cp856.h
268 silly gunzTarPerm modified mode [ 'deps/libiconv/lib/cp856.h', 420, 438 ]
269 silly gunzTarPerm extractEntry deps/libiconv/lib/cp857.h
270 silly gunzTarPerm modified mode [ 'deps/libiconv/lib/cp857.h', 420, 438 ]
271 silly gunzTarPerm extractEntry deps/libiconv/lib/cp858.h
272 silly gunzTarPerm modified mode [ 'deps/libiconv/lib/cp858.h', 420, 438 ]
273 silly gunzTarPerm extractEntry deps/libiconv/lib/cp860.h
274 silly gunzTarPerm modified mode [ 'deps/libiconv/lib/cp860.h', 420, 438 ]
275 silly gunzTarPerm extractEntry deps/libiconv/lib/cp861.h
276 silly gunzTarPerm modified mode [ 'deps/libiconv/lib/cp861.h', 420, 438 ]
277 silly gunzTarPerm extractEntry deps/libiconv/lib/cp862.h
278 silly gunzTarPerm modified mode [ 'deps/libiconv/lib/cp862.h', 420, 438 ]
279 silly gunzTarPerm extractEntry deps/libiconv/lib/cp863.h
280 silly gunzTarPerm modified mode [ 'deps/libiconv/lib/cp863.h', 420, 438 ]
281 silly gunzTarPerm extractEntry deps/libiconv/lib/cp864.h
282 silly gunzTarPerm modified mode [ 'deps/libiconv/lib/cp864.h', 420, 438 ]
283 silly gunzTarPerm extractEntry deps/libiconv/lib/cp865.h
284 silly gunzTarPerm modified mode [ 'deps/libiconv/lib/cp865.h', 420, 438 ]
285 silly gunzTarPerm extractEntry deps/libiconv/lib/cp866.h
286 silly gunzTarPerm modified mode [ 'deps/libiconv/lib/cp866.h', 420, 438 ]
287 silly gunzTarPerm extractEntry deps/libiconv/lib/cp869.h
288 silly gunzTarPerm modified mode [ 'deps/libiconv/lib/cp869.h', 420, 438 ]
289 silly gunzTarPerm extractEntry deps/libiconv/lib/cp874.h
290 silly gunzTarPerm modified mode [ 'deps/libiconv/lib/cp874.h', 420, 438 ]
291 silly gunzTarPerm extractEntry deps/libiconv/lib/cp922.h
292 silly gunzTarPerm modified mode [ 'deps/libiconv/lib/cp922.h', 420, 438 ]
293 silly gunzTarPerm extractEntry deps/libiconv/lib/cp932.h
294 silly gunzTarPerm modified mode [ 'deps/libiconv/lib/cp932.h', 420, 438 ]
295 silly gunzTarPerm extractEntry deps/libiconv/lib/cp932ext.h
296 silly gunzTarPerm modified mode [ 'deps/libiconv/lib/cp932ext.h', 420, 438 ]
297 silly gunzTarPerm extractEntry deps/libiconv/lib/cp936.h
298 silly gunzTarPerm modified mode [ 'deps/libiconv/lib/cp936.h', 420, 438 ]
299 silly gunzTarPerm extractEntry deps/libiconv/lib/cp936ext.h
300 silly gunzTarPerm modified mode [ 'deps/libiconv/lib/cp936ext.h', 420, 438 ]
301 silly gunzTarPerm extractEntry deps/libiconv/lib/cp943.h
302 silly gunzTarPerm modified mode [ 'deps/libiconv/lib/cp943.h', 420, 438 ]
303 silly gunzTarPerm extractEntry deps/libiconv/lib/cp949.h
304 silly gunzTarPerm modified mode [ 'deps/libiconv/lib/cp949.h', 420, 438 ]
305 silly gunzTarPerm extractEntry deps/libiconv/lib/cp950.h
306 silly gunzTarPerm modified mode [ 'deps/libiconv/lib/cp950.h', 420, 438 ]
307 silly gunzTarPerm extractEntry deps/libiconv/lib/cp950ext.h
308 silly gunzTarPerm modified mode [ 'deps/libiconv/lib/cp950ext.h', 420, 438 ]
309 silly gunzTarPerm extractEntry deps/libiconv/lib/dec_hanyu.h
310 silly gunzTarPerm modified mode [ 'deps/libiconv/lib/dec_hanyu.h', 420, 438 ]
311 silly gunzTarPerm extractEntry deps/libiconv/lib/dec_kanji.h
312 silly gunzTarPerm modified mode [ 'deps/libiconv/lib/dec_kanji.h', 420, 438 ]
313 silly gunzTarPerm extractEntry deps/libiconv/lib/encodings.def
314 silly gunzTarPerm modified mode [ 'deps/libiconv/lib/encodings.def', 420, 438 ]
315 silly gunzTarPerm extractEntry deps/libiconv/lib/encodings_aix.def
316 silly gunzTarPerm modified mode [ 'deps/libiconv/lib/encodings_aix.def', 420, 438 ]
317 silly gunzTarPerm extractEntry deps/libiconv/lib/encodings_dos.def
318 silly gunzTarPerm modified mode [ 'deps/libiconv/lib/encodings_dos.def', 420, 438 ]
319 silly gunzTarPerm extractEntry deps/libiconv/lib/encodings_extra.def
320 silly gunzTarPerm modified mode [ 'deps/libiconv/lib/encodings_extra.def', 420, 438 ]
321 silly gunzTarPerm extractEntry deps/libiconv/lib/encodings_local.def
322 silly gunzTarPerm modified mode [ 'deps/libiconv/lib/encodings_local.def', 420, 438 ]
323 silly gunzTarPerm extractEntry deps/libiconv/lib/encodings_osf1.def
324 silly gunzTarPerm modified mode [ 'deps/libiconv/lib/encodings_osf1.def', 420, 438 ]
325 silly gunzTarPerm extractEntry deps/libiconv/lib/euc_cn.h
326 silly gunzTarPerm modified mode [ 'deps/libiconv/lib/euc_cn.h', 420, 438 ]
327 silly gunzTarPerm extractEntry deps/libiconv/lib/euc_jisx0213.h
328 silly gunzTarPerm modified mode [ 'deps/libiconv/lib/euc_jisx0213.h', 420, 438 ]
329 silly gunzTarPerm extractEntry deps/libiconv/lib/aliases2.h
330 silly gunzTarPerm modified mode [ 'deps/libiconv/lib/aliases2.h', 420, 438 ]
331 silly gunzTarPerm extractEntry deps/libiconv/lib/euc_kr.h
332 silly gunzTarPerm modified mode [ 'deps/libiconv/lib/euc_kr.h', 420, 438 ]
333 silly gunzTarPerm extractEntry deps/libiconv/lib/euc_tw.h
334 silly gunzTarPerm modified mode [ 'deps/libiconv/lib/euc_tw.h', 420, 438 ]
335 silly gunzTarPerm extractEntry deps/libiconv/lib/flags.h
336 silly gunzTarPerm modified mode [ 'deps/libiconv/lib/flags.h', 420, 438 ]
337 silly gunzTarPerm extractEntry deps/libiconv/lib/flushwc.h
338 silly gunzTarPerm modified mode [ 'deps/libiconv/lib/flushwc.h', 420, 438 ]
339 silly gunzTarPerm extractEntry deps/libiconv/lib/gb12345.h
340 silly gunzTarPerm modified mode [ 'deps/libiconv/lib/gb12345.h', 420, 438 ]
341 silly gunzTarPerm extractEntry deps/libiconv/lib/gb12345ext.h
342 silly gunzTarPerm modified mode [ 'deps/libiconv/lib/gb12345ext.h', 420, 438 ]
343 silly gunzTarPerm extractEntry deps/libiconv/lib/gb18030.h
344 silly gunzTarPerm modified mode [ 'deps/libiconv/lib/gb18030.h', 420, 438 ]
345 silly gunzTarPerm extractEntry deps/libiconv/lib/gb18030ext.h
346 silly gunzTarPerm modified mode [ 'deps/libiconv/lib/gb18030ext.h', 420, 438 ]
347 silly gunzTarPerm extractEntry deps/libiconv/lib/gb18030uni.h
348 silly gunzTarPerm modified mode [ 'deps/libiconv/lib/gb18030uni.h', 420, 438 ]
349 silly gunzTarPerm extractEntry deps/libiconv/lib/gb2312.h
350 silly gunzTarPerm modified mode [ 'deps/libiconv/lib/gb2312.h', 420, 438 ]
351 silly gunzTarPerm extractEntry deps/libiconv/lib/gbk.h
352 silly gunzTarPerm modified mode [ 'deps/libiconv/lib/gbk.h', 420, 438 ]
353 silly gunzTarPerm extractEntry deps/libiconv/lib/gbkext1.h
354 silly gunzTarPerm modified mode [ 'deps/libiconv/lib/gbkext1.h', 420, 438 ]
355 silly gunzTarPerm extractEntry deps/libiconv/lib/gbkext2.h
356 silly gunzTarPerm modified mode [ 'deps/libiconv/lib/gbkext2.h', 420, 438 ]
357 silly gunzTarPerm extractEntry deps/libiconv/lib/gbkext_inv.h
358 silly gunzTarPerm modified mode [ 'deps/libiconv/lib/gbkext_inv.h', 420, 438 ]
359 silly gunzTarPerm extractEntry deps/libiconv/lib/georgian_academy.h
360 silly gunzTarPerm modified mode [ 'deps/libiconv/lib/georgian_academy.h', 420, 438 ]
361 silly gunzTarPerm extractEntry deps/libiconv/lib/georgian_ps.h
362 silly gunzTarPerm modified mode [ 'deps/libiconv/lib/georgian_ps.h', 420, 438 ]
363 silly gunzTarPerm extractEntry deps/libiconv/lib/hkscs1999.h
364 silly gunzTarPerm modified mode [ 'deps/libiconv/lib/hkscs1999.h', 420, 438 ]
365 silly gunzTarPerm extractEntry deps/libiconv/lib/hkscs2001.h
366 silly gunzTarPerm modified mode [ 'deps/libiconv/lib/hkscs2001.h', 420, 438 ]
367 silly gunzTarPerm extractEntry deps/libiconv/lib/hkscs2004.h
368 silly gunzTarPerm modified mode [ 'deps/libiconv/lib/hkscs2004.h', 420, 438 ]
369 silly gunzTarPerm extractEntry deps/libiconv/lib/hkscs2008.h
370 silly gunzTarPerm modified mode [ 'deps/libiconv/lib/hkscs2008.h', 420, 438 ]
371 silly gunzTarPerm extractEntry deps/libiconv/lib/hp_roman8.h
372 silly gunzTarPerm modified mode [ 'deps/libiconv/lib/hp_roman8.h', 420, 438 ]
373 silly gunzTarPerm extractEntry deps/libiconv/lib/hz.h
374 silly gunzTarPerm modified mode [ 'deps/libiconv/lib/hz.h', 420, 438 ]
375 silly gunzTarPerm extractEntry deps/libiconv/lib/iconv.c
376 silly gunzTarPerm modified mode [ 'deps/libiconv/lib/iconv.c', 420, 438 ]
377 silly gunzTarPerm extractEntry deps/libiconv/lib/iconv_open1.h
378 silly gunzTarPerm modified mode [ 'deps/libiconv/lib/iconv_open1.h', 420, 438 ]
379 silly gunzTarPerm extractEntry deps/libiconv/lib/iconv_open2.h
380 silly gunzTarPerm modified mode [ 'deps/libiconv/lib/iconv_open2.h', 420, 438 ]
381 silly gunzTarPerm extractEntry deps/libiconv/lib/iso2022_cn.h
382 silly gunzTarPerm modified mode [ 'deps/libiconv/lib/iso2022_cn.h', 420, 438 ]
383 silly gunzTarPerm extractEntry deps/libiconv/lib/iso2022_cnext.h
384 silly gunzTarPerm modified mode [ 'deps/libiconv/lib/iso2022_cnext.h', 420, 438 ]
385 silly gunzTarPerm extractEntry deps/libiconv/lib/iso2022_jp.h
386 silly gunzTarPerm modified mode [ 'deps/libiconv/lib/iso2022_jp.h', 420, 438 ]
387 silly gunzTarPerm extractEntry deps/libiconv/lib/iso2022_jp1.h
388 silly gunzTarPerm modified mode [ 'deps/libiconv/lib/iso2022_jp1.h', 420, 438 ]
389 silly gunzTarPerm extractEntry deps/libiconv/lib/iso2022_jp2.h
390 silly gunzTarPerm modified mode [ 'deps/libiconv/lib/iso2022_jp2.h', 420, 438 ]
391 silly gunzTarPerm extractEntry deps/libiconv/lib/iso2022_jp3.h
392 silly gunzTarPerm modified mode [ 'deps/libiconv/lib/iso2022_jp3.h', 420, 438 ]
393 silly gunzTarPerm extractEntry deps/libiconv/lib/iso2022_jpms.h
394 silly gunzTarPerm modified mode [ 'deps/libiconv/lib/iso2022_jpms.h', 420, 438 ]
395 silly gunzTarPerm extractEntry deps/libiconv/lib/iso2022_kr.h
396 silly gunzTarPerm modified mode [ 'deps/libiconv/lib/iso2022_kr.h', 420, 438 ]
397 silly gunzTarPerm extractEntry deps/libiconv/lib/iso646_cn.h
398 silly gunzTarPerm modified mode [ 'deps/libiconv/lib/iso646_cn.h', 420, 438 ]
399 silly gunzTarPerm extractEntry deps/libiconv/lib/iso646_jp.h
400 silly gunzTarPerm modified mode [ 'deps/libiconv/lib/iso646_jp.h', 420, 438 ]
401 silly gunzTarPerm extractEntry deps/libiconv/lib/iso8859_1.h
402 silly gunzTarPerm modified mode [ 'deps/libiconv/lib/iso8859_1.h', 420, 438 ]
403 silly gunzTarPerm extractEntry deps/libiconv/lib/iso8859_10.h
404 silly gunzTarPerm modified mode [ 'deps/libiconv/lib/iso8859_10.h', 420, 438 ]
405 silly gunzTarPerm extractEntry deps/libiconv/lib/iso8859_11.h
406 silly gunzTarPerm modified mode [ 'deps/libiconv/lib/iso8859_11.h', 420, 438 ]
407 silly gunzTarPerm extractEntry deps/libiconv/lib/iso8859_13.h
408 silly gunzTarPerm modified mode [ 'deps/libiconv/lib/iso8859_13.h', 420, 438 ]
409 silly gunzTarPerm extractEntry deps/libiconv/lib/iso8859_14.h
410 silly gunzTarPerm modified mode [ 'deps/libiconv/lib/iso8859_14.h', 420, 438 ]
411 silly gunzTarPerm extractEntry deps/libiconv/lib/iso8859_15.h
412 silly gunzTarPerm modified mode [ 'deps/libiconv/lib/iso8859_15.h', 420, 438 ]
413 silly gunzTarPerm extractEntry deps/libiconv/lib/iso8859_16.h
414 silly gunzTarPerm modified mode [ 'deps/libiconv/lib/iso8859_16.h', 420, 438 ]
415 silly gunzTarPerm extractEntry deps/libiconv/lib/iso8859_2.h
416 silly gunzTarPerm modified mode [ 'deps/libiconv/lib/iso8859_2.h', 420, 438 ]
417 silly gunzTarPerm extractEntry deps/libiconv/lib/iso8859_3.h
418 silly gunzTarPerm modified mode [ 'deps/libiconv/lib/iso8859_3.h', 420, 438 ]
419 silly gunzTarPerm extractEntry deps/libiconv/lib/iso8859_4.h
420 silly gunzTarPerm modified mode [ 'deps/libiconv/lib/iso8859_4.h', 420, 438 ]
421 silly gunzTarPerm extractEntry deps/libiconv/lib/iso8859_5.h
422 silly gunzTarPerm modified mode [ 'deps/libiconv/lib/iso8859_5.h', 420, 438 ]
423 silly gunzTarPerm extractEntry deps/libiconv/lib/iso8859_6.h
424 silly gunzTarPerm modified mode [ 'deps/libiconv/lib/iso8859_6.h', 420, 438 ]
425 silly gunzTarPerm extractEntry deps/libiconv/lib/iso8859_7.h
426 silly gunzTarPerm modified mode [ 'deps/libiconv/lib/iso8859_7.h', 420, 438 ]
427 silly gunzTarPerm extractEntry deps/libiconv/lib/iso8859_8.h
428 silly gunzTarPerm modified mode [ 'deps/libiconv/lib/iso8859_8.h', 420, 438 ]
429 silly gunzTarPerm extractEntry deps/libiconv/lib/iso8859_9.h
430 silly gunzTarPerm modified mode [ 'deps/libiconv/lib/iso8859_9.h', 420, 438 ]
431 silly gunzTarPerm extractEntry deps/libiconv/lib/isoir165.h
432 silly gunzTarPerm modified mode [ 'deps/libiconv/lib/isoir165.h', 420, 438 ]
433 silly gunzTarPerm extractEntry deps/libiconv/lib/isoir165ext.h
434 silly gunzTarPerm modified mode [ 'deps/libiconv/lib/isoir165ext.h', 420, 438 ]
435 silly gunzTarPerm extractEntry deps/libiconv/lib/java.h
436 silly gunzTarPerm modified mode [ 'deps/libiconv/lib/java.h', 420, 438 ]
437 silly gunzTarPerm extractEntry deps/libiconv/lib/jisx0201.h
438 silly gunzTarPerm modified mode [ 'deps/libiconv/lib/jisx0201.h', 420, 438 ]
439 silly gunzTarPerm extractEntry deps/libiconv/lib/jisx0208.h
440 silly gunzTarPerm modified mode [ 'deps/libiconv/lib/jisx0208.h', 420, 438 ]
441 silly gunzTarPerm extractEntry deps/libiconv/lib/jisx0212.h
442 silly gunzTarPerm modified mode [ 'deps/libiconv/lib/jisx0212.h', 420, 438 ]
443 silly gunzTarPerm extractEntry deps/libiconv/lib/jisx0213.h
444 silly gunzTarPerm modified mode [ 'deps/libiconv/lib/jisx0213.h', 420, 438 ]
445 silly gunzTarPerm extractEntry deps/libiconv/lib/johab.h
446 silly gunzTarPerm modified mode [ 'deps/libiconv/lib/johab.h', 420, 438 ]
447 silly gunzTarPerm extractEntry deps/libiconv/lib/johab_hangul.h
448 silly gunzTarPerm modified mode [ 'deps/libiconv/lib/johab_hangul.h', 420, 438 ]
449 silly gunzTarPerm extractEntry deps/libiconv/lib/koi8_r.h
450 silly gunzTarPerm modified mode [ 'deps/libiconv/lib/koi8_r.h', 420, 438 ]
451 silly gunzTarPerm extractEntry deps/libiconv/lib/koi8_ru.h
452 silly gunzTarPerm modified mode [ 'deps/libiconv/lib/koi8_ru.h', 420, 438 ]
453 silly gunzTarPerm extractEntry deps/libiconv/lib/koi8_t.h
454 silly gunzTarPerm modified mode [ 'deps/libiconv/lib/koi8_t.h', 420, 438 ]
455 silly gunzTarPerm extractEntry deps/libiconv/lib/koi8_u.h
456 silly gunzTarPerm modified mode [ 'deps/libiconv/lib/koi8_u.h', 420, 438 ]
457 silly gunzTarPerm extractEntry deps/libiconv/lib/ksc5601.h
458 silly gunzTarPerm modified mode [ 'deps/libiconv/lib/ksc5601.h', 420, 438 ]
459 silly gunzTarPerm extractEntry deps/libiconv/lib/loop_unicode.h
460 silly gunzTarPerm modified mode [ 'deps/libiconv/lib/loop_unicode.h', 420, 438 ]
461 silly gunzTarPerm extractEntry deps/libiconv/lib/loop_wchar.h
462 silly gunzTarPerm modified mode [ 'deps/libiconv/lib/loop_wchar.h', 420, 438 ]
463 silly gunzTarPerm extractEntry deps/libiconv/lib/loops.h
464 silly gunzTarPerm modified mode [ 'deps/libiconv/lib/loops.h', 420, 438 ]
465 silly gunzTarPerm extractEntry deps/libiconv/lib/mac_arabic.h
466 silly gunzTarPerm modified mode [ 'deps/libiconv/lib/mac_arabic.h', 420, 438 ]
467 silly gunzTarPerm extractEntry deps/libiconv/lib/mac_centraleurope.h
468 silly gunzTarPerm modified mode [ 'deps/libiconv/lib/mac_centraleurope.h', 420, 438 ]
469 silly gunzTarPerm extractEntry deps/libiconv/lib/mac_croatian.h
470 silly gunzTarPerm modified mode [ 'deps/libiconv/lib/mac_croatian.h', 420, 438 ]
471 silly gunzTarPerm extractEntry deps/libiconv/lib/mac_cyrillic.h
472 silly gunzTarPerm modified mode [ 'deps/libiconv/lib/mac_cyrillic.h', 420, 438 ]
473 silly gunzTarPerm extractEntry deps/libiconv/lib/mac_greek.h
474 silly gunzTarPerm modified mode [ 'deps/libiconv/lib/mac_greek.h', 420, 438 ]
475 silly gunzTarPerm extractEntry deps/libiconv/lib/mac_hebrew.h
476 silly gunzTarPerm modified mode [ 'deps/libiconv/lib/mac_hebrew.h', 420, 438 ]
477 silly gunzTarPerm extractEntry deps/libiconv/lib/mac_iceland.h
478 silly gunzTarPerm modified mode [ 'deps/libiconv/lib/mac_iceland.h', 420, 438 ]
479 silly gunzTarPerm extractEntry deps/libiconv/lib/mac_roman.h
480 silly gunzTarPerm modified mode [ 'deps/libiconv/lib/mac_roman.h', 420, 438 ]
481 silly gunzTarPerm extractEntry deps/libiconv/lib/mac_romania.h
482 silly gunzTarPerm modified mode [ 'deps/libiconv/lib/mac_romania.h', 420, 438 ]
483 silly gunzTarPerm extractEntry deps/libiconv/lib/mac_thai.h
484 silly gunzTarPerm modified mode [ 'deps/libiconv/lib/mac_thai.h', 420, 438 ]
485 silly gunzTarPerm extractEntry deps/libiconv/lib/mac_turkish.h
486 silly gunzTarPerm modified mode [ 'deps/libiconv/lib/mac_turkish.h', 420, 438 ]
487 silly gunzTarPerm extractEntry deps/libiconv/lib/mac_ukraine.h
488 silly gunzTarPerm modified mode [ 'deps/libiconv/lib/mac_ukraine.h', 420, 438 ]
489 silly gunzTarPerm extractEntry deps/libiconv/lib/mulelao.h
490 silly gunzTarPerm modified mode [ 'deps/libiconv/lib/mulelao.h', 420, 438 ]
491 silly gunzTarPerm extractEntry deps/libiconv/lib/nextstep.h
492 silly gunzTarPerm modified mode [ 'deps/libiconv/lib/nextstep.h', 420, 438 ]
493 silly gunzTarPerm extractEntry deps/libiconv/lib/pt154.h
494 silly gunzTarPerm modified mode [ 'deps/libiconv/lib/pt154.h', 420, 438 ]
495 silly gunzTarPerm extractEntry deps/libiconv/lib/riscos1.h
496 silly gunzTarPerm modified mode [ 'deps/libiconv/lib/riscos1.h', 420, 438 ]
497 silly gunzTarPerm extractEntry deps/libiconv/lib/rk1048.h
498 silly gunzTarPerm modified mode [ 'deps/libiconv/lib/rk1048.h', 420, 438 ]
499 silly gunzTarPerm extractEntry deps/libiconv/lib/shift_jisx0213.h
500 silly gunzTarPerm modified mode [ 'deps/libiconv/lib/shift_jisx0213.h', 420, 438 ]
501 silly gunzTarPerm extractEntry deps/libiconv/lib/sjis.h
502 silly gunzTarPerm modified mode [ 'deps/libiconv/lib/sjis.h', 420, 438 ]
503 silly gunzTarPerm extractEntry deps/libiconv/lib/tcvn.h
504 silly gunzTarPerm modified mode [ 'deps/libiconv/lib/tcvn.h', 420, 438 ]
505 silly gunzTarPerm extractEntry deps/libiconv/lib/tds565.h
506 silly gunzTarPerm modified mode [ 'deps/libiconv/lib/tds565.h', 420, 438 ]
507 silly gunzTarPerm extractEntry deps/libiconv/lib/tis620.h
508 silly gunzTarPerm modified mode [ 'deps/libiconv/lib/tis620.h', 420, 438 ]
509 silly gunzTarPerm extractEntry deps/libiconv/lib/translit.h
510 silly gunzTarPerm modified mode [ 'deps/libiconv/lib/translit.h', 420, 438 ]
511 silly gunzTarPerm extractEntry deps/libiconv/lib/ucs2.h
512 silly gunzTarPerm modified mode [ 'deps/libiconv/lib/ucs2.h', 420, 438 ]
513 silly gunzTarPerm extractEntry deps/libiconv/lib/ucs2be.h
514 silly gunzTarPerm modified mode [ 'deps/libiconv/lib/ucs2be.h', 420, 438 ]
515 silly gunzTarPerm extractEntry deps/libiconv/lib/ucs2internal.h
516 silly gunzTarPerm modified mode [ 'deps/libiconv/lib/ucs2internal.h', 420, 438 ]
517 silly gunzTarPerm extractEntry deps/libiconv/lib/ucs2le.h
518 silly gunzTarPerm modified mode [ 'deps/libiconv/lib/ucs2le.h', 420, 438 ]
519 silly gunzTarPerm extractEntry deps/libiconv/lib/ucs2swapped.h
520 silly gunzTarPerm modified mode [ 'deps/libiconv/lib/ucs2swapped.h', 420, 438 ]
521 silly gunzTarPerm extractEntry deps/libiconv/lib/ucs4.h
522 silly gunzTarPerm modified mode [ 'deps/libiconv/lib/ucs4.h', 420, 438 ]
523 silly gunzTarPerm extractEntry deps/libiconv/lib/ucs4be.h
524 silly gunzTarPerm modified mode [ 'deps/libiconv/lib/ucs4be.h', 420, 438 ]
525 silly gunzTarPerm extractEntry deps/libiconv/lib/ucs4internal.h
526 silly gunzTarPerm modified mode [ 'deps/libiconv/lib/ucs4internal.h', 420, 438 ]
527 silly gunzTarPerm extractEntry deps/libiconv/lib/ucs4le.h
528 silly gunzTarPerm modified mode [ 'deps/libiconv/lib/ucs4le.h', 420, 438 ]
529 silly gunzTarPerm extractEntry deps/libiconv/lib/ucs4swapped.h
530 silly gunzTarPerm modified mode [ 'deps/libiconv/lib/ucs4swapped.h', 420, 438 ]
531 silly gunzTarPerm extractEntry deps/libiconv/lib/uhc_1.h
532 silly gunzTarPerm modified mode [ 'deps/libiconv/lib/uhc_1.h', 420, 438 ]
533 silly gunzTarPerm extractEntry deps/libiconv/lib/uhc_2.h
534 silly gunzTarPerm modified mode [ 'deps/libiconv/lib/uhc_2.h', 420, 438 ]
535 silly gunzTarPerm extractEntry deps/libiconv/lib/utf16.h
536 silly gunzTarPerm modified mode [ 'deps/libiconv/lib/utf16.h', 420, 438 ]
537 silly gunzTarPerm extractEntry deps/libiconv/lib/utf16be.h
538 silly gunzTarPerm modified mode [ 'deps/libiconv/lib/utf16be.h', 420, 438 ]
539 silly gunzTarPerm extractEntry deps/libiconv/lib/utf16le.h
540 silly gunzTarPerm modified mode [ 'deps/libiconv/lib/utf16le.h', 420, 438 ]
541 silly gunzTarPerm extractEntry deps/libiconv/lib/utf32.h
542 silly gunzTarPerm modified mode [ 'deps/libiconv/lib/utf32.h', 420, 438 ]
543 silly gunzTarPerm extractEntry deps/libiconv/lib/utf32be.h
544 silly gunzTarPerm modified mode [ 'deps/libiconv/lib/utf32be.h', 420, 438 ]
545 silly gunzTarPerm extractEntry deps/libiconv/lib/utf32le.h
546 silly gunzTarPerm modified mode [ 'deps/libiconv/lib/utf32le.h', 420, 438 ]
547 silly gunzTarPerm extractEntry deps/libiconv/lib/utf7.h
548 silly gunzTarPerm modified mode [ 'deps/libiconv/lib/utf7.h', 420, 438 ]
549 silly gunzTarPerm extractEntry deps/libiconv/lib/utf8.h
550 silly gunzTarPerm modified mode [ 'deps/libiconv/lib/utf8.h', 420, 438 ]
551 silly gunzTarPerm extractEntry deps/libiconv/lib/vietcomb.h
552 silly gunzTarPerm modified mode [ 'deps/libiconv/lib/vietcomb.h', 420, 438 ]
553 silly gunzTarPerm extractEntry deps/libiconv/lib/viscii.h
554 silly gunzTarPerm modified mode [ 'deps/libiconv/lib/viscii.h', 420, 438 ]
555 silly gunzTarPerm extractEntry lib/iconv.js
556 silly gunzTarPerm modified mode [ 'lib/iconv.js', 420, 438 ]
557 silly gunzTarPerm extractEntry src/binding.cc
558 silly gunzTarPerm modified mode [ 'src/binding.cc', 420, 438 ]
559 silly gunzTarPerm extractEntry support/config.h
560 silly gunzTarPerm modified mode [ 'support/config.h', 420, 438 ]
561 silly gunzTarPerm extractEntry support/iconv.h
562 silly gunzTarPerm modified mode [ 'support/iconv.h', 420, 438 ]
563 silly gunzTarPerm extractEntry support/localcharset.c
564 silly gunzTarPerm modified mode [ 'support/localcharset.c', 420, 438 ]
565 silly gunzTarPerm extractEntry support/localcharset.h
566 silly gunzTarPerm modified mode [ 'support/localcharset.h', 420, 438 ]
567 silly gunzTarPerm extractEntry test/run-tests.js
568 silly gunzTarPerm modified mode [ 'test/run-tests.js', 420, 438 ]
569 silly gunzTarPerm extractEntry test/test-basic.js
570 silly gunzTarPerm modified mode [ 'test/test-basic.js', 420, 438 ]
571 silly gunzTarPerm extractEntry test/test-big-buffer.js
572 silly gunzTarPerm modified mode [ 'test/test-big-buffer.js', 420, 438 ]
573 silly gunzTarPerm extractEntry test/test-stream.js
574 silly gunzTarPerm modified mode [ 'test/test-stream.js', 420, 438 ]
575 silly gunzTarPerm extractEntry test/fixtures/lorem-ipsum.txt
576 silly gunzTarPerm modified mode [ 'test/fixtures/lorem-ipsum.txt', 420, 438 ]
577 silly gentlyRm C:\Users\yoonj\git\sosongbot1-1\node_modules\.staging\iconv-c2bc7e66\node_modules is being purged
578 verbose gentlyRm don't care about contents; nuking C:\Users\yoonj\git\sosongbot1-1\node_modules\.staging\iconv-c2bc7e66\node_modules
579 silly doParallel preinstall 1
580 silly preinstall iconv@2.3.0 C:\Users\yoonj\git\sosongbot1-1\node_modules\.staging\iconv-c2bc7e66
581 info lifecycle iconv@2.3.0~preinstall: iconv@2.3.0
582 silly lifecycle iconv@2.3.0~preinstall: no script for preinstall, continuing
583 silly doReverseSerial remove 0
584 silly doSerial move 0
585 silly doSerial finalize 1
586 silly finalize C:\Users\yoonj\git\sosongbot1-1\node_modules\iconv
587 silly doSerial build 1
588 silly build iconv@2.3.0
589 info linkStuff iconv@2.3.0
590 silly linkStuff iconv@2.3.0 has C:\Users\yoonj\git\sosongbot1-1\node_modules as its parent node_modules
591 verbose linkBins iconv@2.3.0
592 verbose linkMans iconv@2.3.0
593 silly doSerial global-link 0
594 silly doParallel update-linked 0
595 silly doSerial install 1
596 silly install iconv@2.3.0 C:\Users\yoonj\git\sosongbot1-1\node_modules\.staging\iconv-c2bc7e66
597 info lifecycle iconv@2.3.0~install: iconv@2.3.0
598 verbose lifecycle iconv@2.3.0~install: unsafe-perm in lifecycle true
599 verbose lifecycle iconv@2.3.0~install: PATH: D:\Program Files\nodejs\node_modules\npm\bin\node-gyp-bin;C:\Users\yoonj\git\sosongbot1-1\node_modules\iconv\node_modules\.bin;C:\Users\yoonj\git\sosongbot1-1\node_modules\.bin;C:\ProgramData\Oracle\Java\javapath;C:\WINDOWS\system32;C:\WINDOWS;C:\WINDOWS\System32\Wbem;C:\WINDOWS\System32\WindowsPowerShell\v1.0\;D:\Program Files\nodejs\;C:\Program Files\MongoDB\Server\3.4\bin;D:\curl;D:\Program Files\Git\cmd;C:\Users\yoonj\AppData\Local\Microsoft\WindowsApps;C:\Users\yoonj\AppData\Roaming\npm;C:\Users\yoonj\AppData\Local\atom\bin
600 verbose lifecycle iconv@2.3.0~install: CWD: C:\Users\yoonj\git\sosongbot1-1\node_modules\iconv
601 silly lifecycle iconv@2.3.0~install: Args: [ '/d /s /c', 'node-gyp rebuild' ]
602 silly lifecycle iconv@2.3.0~install: Returned: code: 1  signal: null
603 info lifecycle iconv@2.3.0~install: Failed to exec install script
604 verbose unlock done using C:\Users\yoonj\AppData\Roaming\npm-cache\_locks\staging-3f68b34e053dcb85.lock for C:\Users\yoonj\git\sosongbot1-1\node_modules\.staging
605 silly rollbackFailedOptional Starting
606 silly rollbackFailedOptional Finishing
607 silly runTopLevelLifecycles Finishing
608 silly install printInstalled
609 verbose stack Error: iconv@2.3.0 install: `node-gyp rebuild`
609 verbose stack Exit status 1
609 verbose stack     at EventEmitter.<anonymous> (D:\Program Files\nodejs\node_modules\npm\lib\utils\lifecycle.js:255:16)
609 verbose stack     at emitTwo (events.js:106:13)
609 verbose stack     at EventEmitter.emit (events.js:191:7)
609 verbose stack     at ChildProcess.<anonymous> (D:\Program Files\nodejs\node_modules\npm\lib\utils\spawn.js:40:14)
609 verbose stack     at emitTwo (events.js:106:13)
609 verbose stack     at ChildProcess.emit (events.js:191:7)
609 verbose stack     at maybeClose (internal/child_process.js:891:16)
609 verbose stack     at Process.ChildProcess._handle.onexit (internal/child_process.js:226:5)
610 verbose pkgid iconv@2.3.0
611 verbose cwd C:\Users\yoonj\git\sosongbot1-1
612 error Windows_NT 10.0.15063
613 error argv "D:\\Program Files\\nodejs\\node.exe" "D:\\Program Files\\nodejs\\node_modules\\npm\\bin\\npm-cli.js" "install" "iconv" "--save"
614 error node v6.11.2
615 error npm  v3.10.10
616 error code ELIFECYCLE
617 error iconv@2.3.0 install: `node-gyp rebuild`
617 error Exit status 1
618 error Failed at the iconv@2.3.0 install script 'node-gyp rebuild'.
618 error Make sure you have the latest version of node.js and npm installed.
618 error If you do, this is most likely a problem with the iconv package,
618 error not with npm itself.
618 error Tell the author that this fails on your system:
618 error     node-gyp rebuild
618 error You can get information on how to open an issue for this project with:
618 error     npm bugs iconv
618 error Or if that isn't available, you can get their info via:
618 error     npm owner ls iconv
618 error There is likely additional logging output above.
619 verbose exit [ 1, true ]
